  Mesh.cpp
  MinecraftBeta.cpp
C:\Users\DanielMolnar\OneDrive\Documentos\Visual Studio 2022\Projects\MinecraftBeta\Window.h(15,36): warning C4244: 'return': conversion from 'GLint' to 'GLfloat', possible loss of data
  (compiling source file 'MinecraftBeta.cpp')
  
C:\Users\DanielMolnar\OneDrive\Documentos\Visual Studio 2022\Projects\MinecraftBeta\Window.h(16,37): warning C4244: 'return': conversion from 'GLint' to 'GLfloat', possible loss of data
  (compiling source file 'MinecraftBeta.cpp')
  
C:\Users\DanielMolnar\OneDrive\Documentos\Visual Studio 2022\Projects\MinecraftBeta\MinecraftBeta.cpp(76,21): warning C4244: 'initializing': conversion from 'double' to 'GLfloat', possible loss of data
  Model.cpp
C:\Users\DanielMolnar\OneDrive\Documentos\Visual Studio 2022\Projects\MinecraftBeta\Model.cpp(92,10): warning C4477: 'printf' : format string '%s' requires an argument of type 'char *', but variadic argument 1 has type 'const std::string'
C:\Users\DanielMolnar\OneDrive\Documentos\Visual Studio 2022\Projects\MinecraftBeta\Model.cpp(142,78): warning C4267: 'argument': conversion from 'size_t' to 'unsigned int', possible loss of data
C:\Users\DanielMolnar\OneDrive\Documentos\Visual Studio 2022\Projects\MinecraftBeta\Model.cpp(142,62): warning C4267: 'argument': conversion from 'size_t' to 'unsigned int', possible loss of data
C:\Users\DanielMolnar\OneDrive\Documentos\Visual Studio 2022\Projects\MinecraftBeta\Model.cpp(162,13): warning C4267: 'initializing': conversion from 'size_t' to 'int', possible loss of data
C:\Users\DanielMolnar\OneDrive\Documentos\Visual Studio 2022\Projects\MinecraftBeta\Model.cpp(172,13): warning C4477: 'printf' : format string '%s' requires an argument of type 'char *', but variadic argument 1 has type 'std::string'
  Shader.cpp
C:\Users\DanielMolnar\OneDrive\Documentos\Visual Studio 2022\Projects\MinecraftBeta\Shader.cpp(113,27): warning C4267: '=': conversion from 'size_t' to 'GLint', possible loss of data
  Texture.cpp
C:\Users\DanielMolnar\OneDrive\Documentos\Visual Studio 2022\Projects\MinecraftBeta\Texture.cpp(34,10): warning C4477: 'printf' : format string '%c' requires an argument of type 'int', but variadic argument 2 has type 'const char *'
C:\Users\DanielMolnar\OneDrive\Documentos\Visual Studio 2022\Projects\MinecraftBeta\Texture.cpp(34,10): warning C4313: 'printf': '%c' in format string conflicts with argument 2 of type 'const char *'
  Window.cpp
C:\Users\DanielMolnar\OneDrive\Documentos\Visual Studio 2022\Projects\MinecraftBeta\Window.h(15,36): warning C4244: 'return': conversion from 'GLint' to 'GLfloat', possible loss of data
  (compiling source file 'Window.cpp')
  
C:\Users\DanielMolnar\OneDrive\Documentos\Visual Studio 2022\Projects\MinecraftBeta\Window.h(16,37): warning C4244: 'return': conversion from 'GLint' to 'GLfloat', possible loss of data
  (compiling source file 'Window.cpp')
  
C:\Users\DanielMolnar\OneDrive\Documentos\Visual Studio 2022\Projects\MinecraftBeta\Window.cpp(148,22): warning C4244: '=': conversion from 'double' to 'GLfloat', possible loss of data
C:\Users\DanielMolnar\OneDrive\Documentos\Visual Studio 2022\Projects\MinecraftBeta\Window.cpp(149,22): warning C4244: '=': conversion from 'double' to 'GLfloat', possible loss of data
C:\Users\DanielMolnar\OneDrive\Documentos\Visual Studio 2022\Projects\MinecraftBeta\Window.cpp(153,28): warning C4244: '=': conversion from 'double' to 'GLfloat', possible loss of data
C:\Users\DanielMolnar\OneDrive\Documentos\Visual Studio 2022\Projects\MinecraftBeta\Window.cpp(155,40): warning C4244: '=': conversion from 'double' to 'GLfloat', possible loss of data
C:\Users\DanielMolnar\OneDrive\Documentos\Visual Studio 2022\Projects\MinecraftBeta\Window.cpp(157,21): warning C4244: '=': conversion from 'double' to 'GLfloat', possible loss of data
C:\Users\DanielMolnar\OneDrive\Documentos\Visual Studio 2022\Projects\MinecraftBeta\Window.cpp(158,21): warning C4244: '=': conversion from 'double' to 'GLfloat', possible loss of data
  Generating Code...
C:\Users\DanielMolnar\OneDrive\Documentos\Visual Studio 2022\Projects\MinecraftBeta\Window.cpp(82,1): warning C4715: 'Window::Initialise': not all control paths return a value
Mesh.obj : error LNK2019: unresolved external symbol __imp___glewBindBuffer referenced in function "public: void __cdecl Mesh::CreateMesh(float *,unsigned int *,unsigned int,unsigned int)" (?CreateMesh@Mesh@@QEAAXPEAMPEAIII@Z)
Mesh.obj : error LNK2019: unresolved external symbol __imp___glewBufferData referenced in function "public: void __cdecl Mesh::CreateMesh(float *,unsigned int *,unsigned int,unsigned int)" (?CreateMesh@Mesh@@QEAAXPEAMPEAIII@Z)
Mesh.obj : error LNK2019: unresolved external symbol __imp___glewDeleteBuffers referenced in function "public: void __cdecl Mesh::ClearMesh(void)" (?ClearMesh@Mesh@@QEAAXXZ)
Mesh.obj : error LNK2019: unresolved external symbol __imp___glewGenBuffers referenced in function "public: void __cdecl Mesh::CreateMesh(float *,unsigned int *,unsigned int,unsigned int)" (?CreateMesh@Mesh@@QEAAXPEAMPEAIII@Z)
Mesh.obj : error LNK2019: unresolved external symbol __imp___glewEnableVertexAttribArray referenced in function "public: void __cdecl Mesh::CreateMesh(float *,unsigned int *,unsigned int,unsigned int)" (?CreateMesh@Mesh@@QEAAXPEAMPEAIII@Z)
Mesh.obj : error LNK2019: unresolved external symbol __imp___glewVertexAttribPointer referenced in function "public: void __cdecl Mesh::CreateMesh(float *,unsigned int *,unsigned int,unsigned int)" (?CreateMesh@Mesh@@QEAAXPEAMPEAIII@Z)
Mesh.obj : error LNK2019: unresolved external symbol __imp___glewBindVertexArray referenced in function "public: void __cdecl Mesh::CreateMesh(float *,unsigned int *,unsigned int,unsigned int)" (?CreateMesh@Mesh@@QEAAXPEAMPEAIII@Z)
Mesh.obj : error LNK2019: unresolved external symbol __imp___glewDeleteVertexArrays referenced in function "public: void __cdecl Mesh::ClearMesh(void)" (?ClearMesh@Mesh@@QEAAXXZ)
Mesh.obj : error LNK2019: unresolved external symbol __imp___glewGenVertexArrays referenced in function "public: void __cdecl Mesh::CreateMesh(float *,unsigned int *,unsigned int,unsigned int)" (?CreateMesh@Mesh@@QEAAXPEAMPEAIII@Z)
MinecraftBeta.obj : error LNK2019: unresolved external symbol glfwWindowShouldClose referenced in function "public: bool __cdecl Window::GetShouldClose(void)" (?GetShouldClose@Window@@QEAA_NXZ)
MinecraftBeta.obj : error LNK2019: unresolved external symbol glfwPollEvents referenced in function "void __cdecl PreDraw(unsigned int,unsigned int)" (?PreDraw@@YAXII@Z)
MinecraftBeta.obj : error LNK2019: unresolved external symbol glfwGetTime referenced in function main
MinecraftBeta.obj : error LNK2019: unresolved external symbol glfwSwapBuffers referenced in function "public: void __cdecl Window::swapBuffers(void)" (?swapBuffers@Window@@QEAAXXZ)
MinecraftBeta.obj : error LNK2019: unresolved external symbol __imp___glewUniformMatrix4fv referenced in function main
Shader.obj : error LNK2001: unresolved external symbol __imp___glewUniformMatrix4fv
MinecraftBeta.obj : error LNK2019: unresolved external symbol __imp___glewUseProgram referenced in function main
Shader.obj : error LNK2001: unresolved external symbol __imp___glewUseProgram
MinecraftBeta.obj : error LNK2019: unresolved external symbol __imp___glewCheckFramebufferStatus referenced in function "void __cdecl PreDraw(unsigned int,unsigned int)" (?PreDraw@@YAXII@Z)
Model.obj : error LNK2019: unresolved external symbol "public: __cdecl Assimp::Importer::Importer(void)" (??0Importer@Assimp@@QEAA@XZ) referenced in function "public: void __cdecl Model::LoadModel(class std::basic_string<char,struct std::char_traits<char>,class std::allocator<char> > const &,char const *)" (?LoadModel@Model@@QEAAXAEBV?$basic_string@DU?$char_traits@D@std@@V?$allocator@D@2@@std@@PEBD@Z)
Model.obj : error LNK2019: unresolved external symbol "public: __cdecl Assimp::Importer::~Importer(void)" (??1Importer@Assimp@@QEAA@XZ) referenced in function "public: void __cdecl Model::LoadModel(class std::basic_string<char,struct std::char_traits<char>,class std::allocator<char> > const &,char const *)" (?LoadModel@Model@@QEAAXAEBV?$basic_string@DU?$char_traits@D@std@@V?$allocator@D@2@@std@@PEBD@Z)
Model.obj : error LNK2019: unresolved external symbol "public: struct aiScene const * __cdecl Assimp::Importer::ReadFile(char const *,unsigned int)" (?ReadFile@Importer@Assimp@@QEAAPEBUaiScene@@PEBDI@Z) referenced in function "public: struct aiScene const * __cdecl Assimp::Importer::ReadFile(class std::basic_string<char,struct std::char_traits<char>,class std::allocator<char> > const &,unsigned int)" (?ReadFile@Importer@Assimp@@QEAAPEBUaiScene@@AEBV?$basic_string@DU?$char_traits@D@std@@V?$allocator@D@2@@std@@I@Z)
Model.obj : error LNK2019: unresolved external symbol "public: char const * __cdecl Assimp::Importer::GetErrorString(void)const " (?GetErrorString@Importer@Assimp@@QEBAPEBDXZ) referenced in function "public: void __cdecl Model::LoadModel(class std::basic_string<char,struct std::char_traits<char>,class std::allocator<char> > const &,char const *)" (?LoadModel@Model@@QEAAXAEBV?$basic_string@DU?$char_traits@D@std@@V?$allocator@D@2@@std@@PEBD@Z)
Model.obj : error LNK2019: unresolved external symbol aiGetMaterialTextureCount referenced in function "public: unsigned int __cdecl aiMaterial::GetTextureCount(enum aiTextureType)const " (?GetTextureCount@aiMaterial@@QEBAIW4aiTextureType@@@Z)
Model.obj : error LNK2019: unresolved external symbol aiGetMaterialTexture referenced in function "public: enum aiReturn __cdecl aiMaterial::GetTexture(enum aiTextureType,unsigned int,struct aiString *,enum aiTextureMapping *,unsigned int *,float *,enum aiTextureOp *,enum aiTextureMapMode *)const " (?GetTexture@aiMaterial@@QEBA?AW4aiReturn@@W4aiTextureType@@IPEAUaiString@@PEAW4aiTextureMapping@@PEAIPEAMPEAW4aiTextureOp@@PEAW4aiTextureMapMode@@@Z)
Shader.obj : error LNK2019: unresolved external symbol __imp___glewAttachShader referenced in function "private: void __cdecl Shader::AddShader(unsigned int,char const *,unsigned int)" (?AddShader@Shader@@AEAAXIPEBDI@Z)
Shader.obj : error LNK2019: unresolved external symbol __imp___glewCompileShader referenced in function "private: void __cdecl Shader::AddShader(unsigned int,char const *,unsigned int)" (?AddShader@Shader@@AEAAXIPEBDI@Z)
Shader.obj : error LNK2019: unresolved external symbol __imp___glewCreateProgram referenced in function "private: void __cdecl Shader::CompileShader(char const *,char const *)" (?CompileShader@Shader@@AEAAXPEBD0@Z)
Shader.obj : error LNK2019: unresolved external symbol __imp___glewCreateShader referenced in function "private: void __cdecl Shader::AddShader(unsigned int,char const *,unsigned int)" (?AddShader@Shader@@AEAAXIPEBDI@Z)
Shader.obj : error LNK2019: unresolved external symbol __imp___glewDeleteProgram referenced in function "public: void __cdecl Shader::ClearShader(void)" (?ClearShader@Shader@@QEAAXXZ)
Shader.obj : error LNK2019: unresolved external symbol __imp___glewGetProgramInfoLog referenced in function "public: void __cdecl Shader::CompileProgram(void)" (?CompileProgram@Shader@@QEAAXXZ)
Shader.obj : error LNK2019: unresolved external symbol __imp___glewGetProgramiv referenced in function "public: void __cdecl Shader::CompileProgram(void)" (?CompileProgram@Shader@@QEAAXXZ)
Shader.obj : error LNK2019: unresolved external symbol __imp___glewGetShaderInfoLog referenced in function "private: void __cdecl Shader::AddShader(unsigned int,char const *,unsigned int)" (?AddShader@Shader@@AEAAXIPEBDI@Z)
Shader.obj : error LNK2019: unresolved external symbol __imp___glewGetShaderiv referenced in function "private: void __cdecl Shader::AddShader(unsigned int,char const *,unsigned int)" (?AddShader@Shader@@AEAAXIPEBDI@Z)
Shader.obj : error LNK2019: unresolved external symbol __imp___glewGetUniformLocation referenced in function "public: void __cdecl Shader::LoadUniformVariables(void)" (?LoadUniformVariables@Shader@@QEAAXXZ)
Shader.obj : error LNK2019: unresolved external symbol __imp___glewLinkProgram referenced in function "public: void __cdecl Shader::CompileProgram(void)" (?CompileProgram@Shader@@QEAAXXZ)
Shader.obj : error LNK2019: unresolved external symbol __imp___glewShaderSource referenced in function "private: void __cdecl Shader::AddShader(unsigned int,char const *,unsigned int)" (?AddShader@Shader@@AEAAXIPEBDI@Z)
Shader.obj : error LNK2019: unresolved external symbol __imp___glewValidateProgram referenced in function "public: void __cdecl Shader::Validate(void)" (?Validate@Shader@@QEAAXXZ)
Texture.obj : error LNK2019: unresolved external symbol __imp___glewActiveTexture referenced in function "public: void __cdecl Texture::UseTexture(void)" (?UseTexture@Texture@@QEAAXXZ)
Texture.obj : error LNK2019: unresolved external symbol __imp___glewGenerateMipmap referenced in function "public: bool __cdecl Texture::LoadTexture(void)" (?LoadTexture@Texture@@QEAA_NXZ)
Window.obj : error LNK2019: unresolved external symbol __imp_glewInit referenced in function "public: int __cdecl Window::Initialise(void)" (?Initialise@Window@@QEAAHXZ)
Window.obj : error LNK2019: unresolved external symbol glfwInit referenced in function "public: int __cdecl Window::Initialise(void)" (?Initialise@Window@@QEAAHXZ)
Window.obj : error LNK2019: unresolved external symbol glfwTerminate referenced in function "public: __cdecl Window::~Window(void)" (??1Window@@QEAA@XZ)
Window.obj : error LNK2019: unresolved external symbol glfwWindowHint referenced in function "public: int __cdecl Window::Initialise(void)" (?Initialise@Window@@QEAAHXZ)
Window.obj : error LNK2019: unresolved external symbol glfwCreateWindow referenced in function "public: int __cdecl Window::Initialise(void)" (?Initialise@Window@@QEAAHXZ)
Window.obj : error LNK2019: unresolved external symbol glfwDestroyWindow referenced in function "public: __cdecl Window::~Window(void)" (??1Window@@QEAA@XZ)
Window.obj : error LNK2019: unresolved external symbol glfwSetWindowShouldClose referenced in function "private: static void __cdecl Window::handleKeys(struct GLFWwindow *,int,int,int,int)" (?handleKeys@Window@@CAXPEAUGLFWwindow@@HHHH@Z)
Window.obj : error LNK2019: unresolved external symbol glfwGetFramebufferSize referenced in function "public: int __cdecl Window::Initialise(void)" (?Initialise@Window@@QEAAHXZ)
Window.obj : error LNK2019: unresolved external symbol glfwSetWindowUserPointer referenced in function "public: int __cdecl Window::Initialise(void)" (?Initialise@Window@@QEAAHXZ)
Window.obj : error LNK2019: unresolved external symbol glfwGetWindowUserPointer referenced in function "private: static void __cdecl Window::handleKeys(struct GLFWwindow *,int,int,int,int)" (?handleKeys@Window@@CAXPEAUGLFWwindow@@HHHH@Z)
Window.obj : error LNK2019: unresolved external symbol glfwSetInputMode referenced in function "private: static void __cdecl Window::handleKeys(struct GLFWwindow *,int,int,int,int)" (?handleKeys@Window@@CAXPEAUGLFWwindow@@HHHH@Z)
Window.obj : error LNK2019: unresolved external symbol glfwSetKeyCallback referenced in function "private: void __cdecl Window::createCallbacks(void)" (?createCallbacks@Window@@AEAAXXZ)
Window.obj : error LNK2019: unresolved external symbol glfwSetCursorPosCallback referenced in function "private: void __cdecl Window::createCallbacks(void)" (?createCallbacks@Window@@AEAAXXZ)
Window.obj : error LNK2019: unresolved external symbol glfwMakeContextCurrent referenced in function "public: int __cdecl Window::Initialise(void)" (?Initialise@Window@@QEAAHXZ)
Window.obj : error LNK2019: unresolved external symbol __imp_glewExperimental referenced in function "public: int __cdecl Window::Initialise(void)" (?Initialise@Window@@QEAAHXZ)
C:\Users\DanielMolnar\OneDrive\Documentos\Visual Studio 2022\Projects\MinecraftBeta\\..\..\External Libs\GLEW\lib\Release\Win32\glew32.lib : warning LNK4272: library machine type 'x86' conflicts with target machine type 'x64'
C:\Users\DanielMolnar\OneDrive\Documentos\Visual Studio 2022\Projects\MinecraftBeta\\..\..\External Libs\GLFW\lib-vc2022\glfw3.lib : warning LNK4272: library machine type 'x86' conflicts with target machine type 'x64'
C:\Users\DanielMolnar\OneDrive\Documentos\Visual Studio 2022\Projects\MinecraftBeta\\..\..\External Libs\ASSIMP\lib\assimp-vc143-mt.lib : warning LNK4272: library machine type 'x86' conflicts with target machine type 'x64'
C:\Users\DanielMolnar\OneDrive\Documentos\Visual Studio 2022\Projects\MinecraftBeta\x64\Debug\MinecraftBeta.exe : fatal error LNK1120: 52 unresolved externals
